Flutter crash report.
Please report a bug at https://github.com/flutter/flutter/issues.

## command

flutter run

## exception

RPCError: ext.flutter.debugDumpFocusTree: (-32603) Unexpected DWDS error for callServiceExtension: WipError -32602 Invalid parameters

```
#0      new _OutstandingRequest (package:vm_service/src/vm_service.dart:1928:45)
#1      VmService._call (package:vm_service/src/vm_service.dart:2493:21)
#2      VmService.callServiceExtension (package:vm_service/src/vm_service.dart:2464:14)
#3      FlutterVmService._checkedCallServiceExtension (package:flutter_tools/src/vmservice.dart:959:28)
#4      FlutterVmService.invokeFlutterExtensionRpcRaw (package:flutter_tools/src/vmservice.dart:978:49)
#5      FlutterVmService.flutterDebugDumpFocusTree (package:flutter_tools/src/vmservice.dart:723:50)
#6      ResidentHandlers.debugDumpFocusTree (package:flutter_tools/src/resident_runner.dart:772:53)
<asynchronous suspension>
#7      TerminalHandler.processTerminalInput (package:flutter_tools/src/resident_runner.dart:1831:7)
<asynchronous suspension>
```

## flutter doctor

```
[32m[✓][39m Flutter
    (Channel
    stable,
    3.13.6, on
    Microsoft
    Windows
    [Version
    10.0.22621.2
    715], locale
    en-ID)
    [32m•[39m Flutter
      version
      3.13.6 on
      channel
      stable at
      D:\flutter
      _windows_3
      .13.6-stab
      le\flutter
    [32m•[39m Upstream
      repository
      https://gi
      thub.com/f
      lutter/flu
      tter.git
    [32m•[39m Framework
      revision
      ead455963c
      (3 months
      ago),
      2023-09-26
      18:28:17
      -0700
    [32m•[39m Engine
      revision
      a794cf2681
    [32m•[39m Dart
      version
      3.1.3
    [32m•[39m DevTools
      version
      2.25.0

[32m[✓][39m Windows
    Version
    (Installed
    version of
    Windows is
    version 10
    or higher)

[31m[✗][39m Android
    toolchain -
    develop for
    Android
    devices
    [31m✗[39m Unable to
      locate
      Android
      SDK.
      Install
      Android
      Studio
      from:
      https://de
      veloper.an
      droid.com/
      studio/ind
      ex.html
      On first
      launch it
      will
      assist you
      in
      installing
      the
      Android
      SDK
      components
      .
      (or visit
      https://fl
      utter.dev/
      docs/get-s
      tarted/ins
      tall/windo
      ws#android
      -setup for
      detailed
      instructio
      ns).
      If the
      Android
      SDK has
      been
      installed
      to a
      custom
      location,
      please use
      `flutter
      config
      --android-
      sdk` to
      update to
      that
      location.


[32m[✓][39m Chrome -
    develop for
    the web
    [32m•[39m Chrome at
      C:\Users\H
      P\AppData\
      Local\Goog
      le\Chrome\
      Applicatio
      n\chrome.e
      xe

[32m[✓][39m Visual
    Studio -
    develop
    Windows apps
    (Visual
    Studio
    Community
    2022 17.7.3)
    [32m•[39m Visual
      Studio at
      C:\Program
      Files\Micr
      osoft
      Visual
      Studio\202
      2\Communit
      y
    [32m•[39m Visual
      Studio
      Community
      2022
      version
      17.7.34024
      .191
    [32m•[39m Windows 10
      SDK
      version
      10.0.22621
      .0

[33m[!][39m Android
    Studio (not
    installed)
    [32m•[39m Android
      Studio not
      found;
      download
      from
      https://de
      veloper.an
      droid.com/
      studio/ind
      ex.html
      (or visit
      https://fl
      utter.dev/
      docs/get-s
      tarted/ins
      tall/windo
      ws#android
      -setup for
      detailed
      instructio
      ns).

[32m[✓][39m VS Code
    (version
    1.85.1)
    [32m•[39m VS Code at
      C:\Users\H
      P\AppData\
      Local\Prog
      rams\Micro
      soft VS
      Code
    [32m•[39m Flutter
      extension
      version
      3.78.0

[32m[✓][39m Connected
    device (3
    available)
    [32m•[39m Windows
      (desktop)
      • windows
      •
      windows-x6
      4    •
      Microsoft
      Windows
      [Version
      10.0.22621
      .2715]
    [32m•[39m Chrome
      (web)
      • chrome
      •
      web-javasc
      ript •
      Google
      Chrome
      120.0.6099
      .109
    [32m•[39m Edge (web)
      • edge
      •
      web-javasc
      ript •
      Microsoft
      Edge
      120.0.2210
      .61

[32m[✓][39m Network
    resources
    [32m•[39m All
      expected
      network
      resources
      are
      available.

[33m![39m Doctor found
  issues in 2
  categories.
```
